<?xml version="1.0" encoding="UTF-8"?>
<testsuite xmlns:xsi="http://www.w3.org/2001/XMLSchema-instance" xsi:noNamespaceSchemaLocation="https://maven.apache.org/surefire/maven-surefire-plugin/xsd/surefire-test-report.xsd" name="com.br.vitor.desafio2.service.productServiceTest" time="1.146" tests="7" errors="0" skipped="0" failures="0">
  <properties>
[...]
</properties>
  <testcase name="testFindByIdIncorrectProduct" classname="com.br.vitor.desafio2.service.productServiceTest" time="0.166"/>
  <testcase name="testProductFindByIdService" classname="com.br.vitor.desafio2.service.productServiceTest" time="0.155"/>
  <testcase name="testInsertService" classname="com.br.vitor.desafio2.service.productServiceTest" time="0.192"/>
  <testcase name="testDeleteProductService" classname="com.br.vitor.desafio2.service.productServiceTest" time="0.11"/>
  <testcase name="testReturnListOfProductsInsidePageService" classname="com.br.vitor.desafio2.service.productServiceTest" time="0.143"/>
  <testcase name="testExtractExtensionService" classname="com.br.vitor.desafio2.service.productServiceTest" time="0.096"/>
  <testcase name="testUpdateDataService" classname="com.br.vitor.desafio2.service.productServiceTest" time="0.198"/>
</testsuite>